<?xml version="1.0" encoding="UTF-8"?>
<testng-results skipped="0" failed="0" ignored="0" total="1" passed="1">
  <reporter-output>
  </reporter-output>
  <suite name="Suite" duration-ms="58273" started-at="2020-04-04T23:40:34 AEDT" finished-at="2020-04-04T23:41:33 AEDT">
    <groups>
    </groups>
    <test name="Test" duration-ms="58273" started-at="2020-04-04T23:40:34 AEDT" finished-at="2020-04-04T23:41:33 AEDT">
      <class name="tests.PurchaseTest">
        <test-method status="PASS" signature="setup()[pri:0, instance:tests.PurchaseTest@1e7c7811]" name="setup" is-config="true" duration-ms="11546" started-at="2020-04-04T23:40:34 AEDT" finished-at="2020-04-04T23:40:46 AEDT">
          <reporter-output>
          </reporter-output>
        </test-method> <!-- setup -->
        <test-method status="PASS" signature="purchaseFlowTest(java.lang.String, java.lang.String, java.lang.String)[pri:0, instance:tests.PurchaseTest@1e7c7811]" name="purchaseFlowTest" duration-ms="46258" started-at="2020-04-04T23:40:46 AEDT" finished-at="2020-04-04T23:41:32 AEDT">
          <params>
            <param index="0">
              <value>
                <![CDATA[chiragm.3315@gmail.com]]>
              </value>
            </param>
            <param index="1">
              <value>
                <![CDATA[Ch1rag]]>
              </value>
            </param>
            <param index="2">
              <value>
                <![CDATA[65 inch TV]]>
              </value>
            </param>
          </params>
          <reporter-output>
          </reporter-output>
        </test-method> <!-- purchaseFlowTest -->
        <test-method status="PASS" signature="teardown()[pri:0, instance:tests.PurchaseTest@1e7c7811]" name="teardown" is-config="true" duration-ms="432" started-at="2020-04-04T23:41:32 AEDT" finished-at="2020-04-04T23:41:33 AEDT">
          <reporter-output>
          </reporter-output>
        </test-method> <!-- teardown -->
      </class> <!-- tests.PurchaseTest -->
    </test> <!-- Test -->
  </suite> <!-- Suite -->
</testng-results>
